0	20:54:58.154	TestGenesis EURUSD,H4: uninit reason 3
0	20:54:58.162	Heiken Ashi EURUSD,H4: uninit reason 3
0	20:54:58.162	ASCTrend1i EURUSD,H4: uninit reason 3
0	20:54:58.162	GenesisMatrix 2.22 EURUSD,H4: uninit reason 3
0	20:54:58.168	PakuAK_Marblez EURUSD,H4: uninit reason 3
0	20:54:58.168	ASCTrend-Tape EURUSD,H4: uninit reason 3
0	20:54:58.169	LSMA_Angle EURUSD,H4: uninit reason 3
0	20:54:58.170	Heiken Ashi EURUSD,Daily: initialized
0	20:54:58.170	ASCTrend1i EURUSD,Daily: initialized
0	20:54:58.171	GenesisMatrix 2.22 EURUSD,Daily: initialized
0	20:54:58.171	PakuAK_Marblez EURUSD,Daily: initialized
0	20:54:58.172	ASCTrend-Tape EURUSD,Daily: initialized
0	20:54:58.172	LSMA_Angle EURUSD,Daily: initialized
0	20:54:58.728	TestGenesis EURUSD,Daily: buys ->  , 16 , 87 , 232 , 233 , 319 , 364 , 412 , 458 , 459 , 463 , 481 , 505 , 574 , 575 , 702 , 745 , 827 , 828 , 905 , 929 , 1000 , 1017 , 1018 , 1400 , 1422 , 1439 , 1440 , 1536 , 1623 , 1693 , 1694 , 1761 , 1836 , 1837 , 1959
0	20:54:58.728	TestGenesis EURUSD,Daily: sells ->  , 132 , 133 , 173 , 246 , 272 , 273 , 277 , 434 , 435 , 538 , 539 , 598 , 628 , 649 , 689 , 710 , 725 , 861 , 886 , 1071 , 1108 , 1133 , 1189 , 1245 , 1335 , 1336 , 1446 , 1480
0	20:54:58.728	TestGenesis EURUSD,Daily: initialized
0	20:55:12.035	TestGenesis EURUSD,Daily: uninit reason 3
0	20:55:12.037	Heiken Ashi EURUSD,Daily: uninit reason 3
0	20:55:12.037	ASCTrend1i EURUSD,Daily: uninit reason 3
0	20:55:12.037	GenesisMatrix 2.22 EURUSD,Daily: uninit reason 3
0	20:55:12.040	PakuAK_Marblez EURUSD,Daily: uninit reason 3
0	20:55:12.040	ASCTrend-Tape EURUSD,Daily: uninit reason 3
0	20:55:12.041	LSMA_Angle EURUSD,Daily: uninit reason 3
0	20:55:12.042	Heiken Ashi EURUSD,H4: initialized
0	20:55:12.042	ASCTrend1i EURUSD,H4: initialized
0	20:55:12.042	GenesisMatrix 2.22 EURUSD,H4: initialized
0	20:55:12.043	PakuAK_Marblez EURUSD,H4: initialized
0	20:55:12.043	ASCTrend-Tape EURUSD,H4: initialized
0	20:55:12.043	LSMA_Angle EURUSD,H4: initialized
0	20:55:13.330	TestGenesis EURUSD,H4: buys ->  , 65 , 100 , 218 , 257 , 258 , 329 , 330 , 390 , 396 , 454 , 550 , 591 , 636 , 934 , 1018 , 1147 , 1148 , 1234 , 1255 , 1256 , 1270 , 1404 , 1442 , 1443 , 1468 , 1469 , 1540 , 1541 , 1580 , 1636 , 1725 , 1726 , 1755 , 1790 , 2006 , 2176 , 2177 , 2314 , 2342 , 2514 , 2515 , 2547 , 2616 , 2761 , 2858 , 2868 , 2880 , 2895 , 3032 , 3175 , 3206 , 3260 , 3312 , 3353 , 3411 , 3412 , 3426 , 3555 , 3556 , 3712 , 3831 , 3916 , 4038 , 4125 , 4143 , 4180 , 4246 , 4260 , 4280 , 4295 , 4317 , 4318 , 4348 , 4349 , 4426 , 4427 , 4487 , 4488 , 4502 , 4503 , 4569 , 4600 , 4714 , 4715 , 4742 , 4743 , 4776 , 4777 , 4885 , 4912 , 5142 , 5143 , 5180 , 5249 , 5250 , 5256 , 5366 , 5393 , 5394 , 5554 , 5600 , 5601 , 5661 , 5735 , 5973 , 5974 , 5987 , 5988 , 6047 , 6165 , 6166 , 6170 , 6207 , 6235 , 6270 , 6271 , 6325 , 6397 , 6398 , 6436 , 6437 , 6457 , 6578 , 6579 , 6623 , 6756 , 6757 , 6865 , 6883 , 6964 , 7031 , 7386 , 7389 , 7390 , 7424 , 7541 , 7542 , 7715 , 7716 , 7773 , 7881 , 8061 , 8062 , 8107 , 8371 , 8493 , 8519 , 8555 , 8601 , 8725 , 8726 , 8784 , 8785 , 8908 , 8953 , 8954 , 8983 , 8984 , 9169
0	20:55:13.330	TestGenesis EURUSD,H4: sells ->  , 183 , 184 , 280 , 377 , 378 , 486 , 509 , 563 , 564 , 694 , 725 , 755 , 786 , 821 , 822 , 876 , 906 , 907 , 1045 , 1046 , 1077 , 1078 , 1124 , 1215 , 1323 , 1324 , 1362
0	20:55:13.330	TestGenesis EURUSD,H4: initialized
0	20:55:22.258	Heiken Ashi EURUSD,H4: uninit reason 3
0	20:55:22.258	ASCTrend1i EURUSD,H4: uninit reason 3
0	20:55:22.258	GenesisMatrix 2.22 EURUSD,H4: uninit reason 3
0	20:55:22.264	Heiken Ashi EURUSD,Daily: initialized
0	20:55:22.264	ASCTrend1i EURUSD,Daily: initialized
0	20:55:22.265	GenesisMatrix 2.22 EURUSD,Daily: initialized
0	20:57:13.955	Heiken Ashi EURUSD,Daily: uninit reason 3
0	20:57:13.955	ASCTrend1i EURUSD,Daily: uninit reason 3
0	20:57:13.955	GenesisMatrix 2.22 EURUSD,Daily: uninit reason 3
0	20:57:13.960	Heiken Ashi EURUSD,H1: initialized
0	20:57:13.960	ASCTrend1i EURUSD,H1: initialized
0	20:57:13.960	GenesisMatrix 2.22 EURUSD,H1: initialized
0	20:57:20.337	Heiken Ashi EURUSD,H1: uninit reason 3
0	20:57:20.337	ASCTrend1i EURUSD,H1: uninit reason 3
0	20:57:20.337	GenesisMatrix 2.22 EURUSD,H1: uninit reason 3
0	20:57:20.341	Heiken Ashi EURUSD,H4: initialized
0	20:57:20.341	ASCTrend1i EURUSD,H4: initialized
0	20:57:20.341	GenesisMatrix 2.22 EURUSD,H4: initialized
0	21:12:54.684	Test_Ma_Angle EURUSD,Daily: uninit reason 3
0	21:12:54.686	ZigZag Arrow EURUSD,Daily: uninit reason 3
0	21:12:54.686	LSMA_Angle EURUSD,Daily: uninit reason 3
0	21:12:54.688	ASCTrend-Matrix 2TF EURUSD,Daily: deinitialized
0	21:12:54.688	ASCTrend-Matrix 2TF EURUSD,Daily: uninit reason 3
0	21:12:54.691	ASCTrend-Tape EURUSD,Daily: uninit reason 3
0	21:12:54.692	FX-Bay_MACD EURUSD,Daily: uninit reason 3
0	21:12:54.693	ZigZag Arrow EURUSD,H4: initialized
0	21:12:54.694	LSMA_Angle EURUSD,H4: initialized
0	21:12:54.695	ASCTrend-Matrix 2TF EURUSD,H4: initialized
0	21:12:54.696	ASCTrend-Tape EURUSD,H4: initialized
0	21:12:54.698	FX-Bay_MACD EURUSD,H4: initialized
0	21:12:54.869	Test_Ma_Angle EURUSD,H4: up->, 54, 56, 57, 58, 59, 60, 61, 62, 63, 64, 65, 66, 67, 82, 83, 90, 91, 92, 93, 94, 95, 96, 97, 98, 99
0	21:12:54.869	Test_Ma_Angle EURUSD,H4: down->, 5, 6, 7, 8, 9, 10, 16, 17, 18, 19, 20, 21, 22, 23, 24, 25, 26, 27, 28, 29, 30, 31, 32, 33, 34, 35, 36, 37, 40, 41, 42, 43, 44, 75
0	21:12:54.869	Test_Ma_Angle EURUSD,H4: zero->, 0, 1, 2, 3, 4, 11, 12, 13, 14, 15, 38, 39, 45, 46, 47, 48, 49, 50, 51, 52, 53, 55, 68, 69, 70, 71, 72, 73, 74, 76, 77, 78, 79, 80, 81, 84, 85, 86, 87, 88, 89
0	21:12:54.869	Test_Ma_Angle EURUSD,H4: ->0 up-->0.0 down-->0.0 zero-->11.47884615384509
0	21:12:54.869	Test_Ma_Angle EURUSD,H4: ->1 up-->0.0 down-->0.0 zero-->4.016153846153614
0	21:12:54.869	Test_Ma_Angle EURUSD,H4: ->2 up-->0.0 down-->0.0 zero-->-3.412692307683263
0	21:12:54.869	Test_Ma_Angle EURUSD,H4: ->3 up-->0.0 down-->0.0 zero-->-6.513846153838321
0	21:12:54.869	Test_Ma_Angle EURUSD,H4: ->4 up-->0.0 down-->0.0 zero-->-10.23961538461626
0	21:12:54.869	Test_Ma_Angle EURUSD,H4: ->5 up-->0.0 down-->-16.06076923076627 zero-->0.0
0	21:12:54.869	Test_Ma_Angle EURUSD,H4: ->6 up-->0.0 down-->-27.37576923076968 zero-->0.0
0	21:12:54.869	Test_Ma_Angle EURUSD,H4: ->7 up-->0.0 down-->-33.85346153845781 zero-->0.0
0	21:12:54.869	Test_Ma_Angle EURUSD,H4: ->8 up-->0.0 down-->-41.99038461538407 zero-->0.0
0	21:12:54.869	Test_Ma_Angle EURUSD,H4: ->9 up-->0.0 down-->-41.79000000000266 zero-->0.0
0	21:12:54.869	Test_Ma_Angle EURUSD,H4: initialized
0	21:12:56.942	Test_Ma_Angle EURUSD,H4: uninit reason 3
0	21:12:56.944	ZigZag Arrow EURUSD,H4: uninit reason 3
0	21:12:56.944	LSMA_Angle EURUSD,H4: uninit reason 3
0	21:12:56.944	ASCTrend-Matrix 2TF EURUSD,H4: deinitialized
0	21:12:56.944	ASCTrend-Matrix 2TF EURUSD,H4: uninit reason 3
0	21:12:56.947	ASCTrend-Tape EURUSD,H4: uninit reason 3
0	21:12:56.948	FX-Bay_MACD EURUSD,H4: uninit reason 3
0	21:12:56.949	ZigZag Arrow EURUSD,H1: initialized
0	21:12:56.949	LSMA_Angle EURUSD,H1: initialized
0	21:12:56.949	ASCTrend-Matrix 2TF EURUSD,H1: initialized
0	21:12:56.950	ASCTrend-Tape EURUSD,H1: initialized
0	21:12:56.950	FX-Bay_MACD EURUSD,H1: initialized
0	21:12:57.086	Test_Ma_Angle EURUSD,H1: up->, 15, 16, 17, 18, 19, 20, 21, 22, 23, 24, 25, 26, 27, 53, 54, 55, 56, 57, 58, 59
0	21:12:57.086	Test_Ma_Angle EURUSD,H1: down->, 31, 32, 33, 34, 35, 36, 37, 38, 39, 40, 41, 42, 43, 44, 45, 46, 47, 48, 49, 73, 74, 75, 76, 77, 78, 79, 91, 92, 93
0	21:12:57.086	Test_Ma_Angle EURUSD,H1: zero->, 0, 1, 2, 3, 4, 5, 6, 7, 8, 9, 10, 11, 12, 13, 14, 28, 29, 30, 50, 51, 52, 60, 61, 62, 63, 64, 65, 66, 67, 68, 69, 70, 71, 72, 80, 81, 82, 83, 84, 85, 86, 87, 88, 89, 90, 94, 95, 96, 97, 98, 99
0	21:12:57.086	Test_Ma_Angle EURUSD,H1: ->0 up-->0.0 down-->0.0 zero-->2.584615384618183
0	21:12:57.086	Test_Ma_Angle EURUSD,H1: ->1 up-->0.0 down-->0.0 zero-->-4.421923076919354
0	21:12:57.086	Test_Ma_Angle EURUSD,H1: ->2 up-->0.0 down-->0.0 zero-->-12.88923076923354
0	21:12:57.086	Test_Ma_Angle EURUSD,H1: ->3 up-->0.0 down-->0.0 zero-->-14.64384615384173
0	21:12:57.086	Test_Ma_Angle EURUSD,H1: ->4 up-->0.0 down-->0.0 zero-->-13.94076923076915
0	21:12:57.086	Test_Ma_Angle EURUSD,H1: ->5 up-->0.0 down-->0.0 zero-->-14.41692307693199
0	21:12:57.086	Test_Ma_Angle EURUSD,H1: ->6 up-->0.0 down-->0.0 zero-->-11.8549999999995
0	21:12:57.086	Test_Ma_Angle EURUSD,H1: ->7 up-->0.0 down-->0.0 zero-->-10.98576923076744
0	21:12:57.086	Test_Ma_Angle EURUSD,H1: ->8 up-->0.0 down-->0.0 zero-->-9.76846153847022
0	21:12:57.086	Test_Ma_Angle EURUSD,H1: ->9 up-->0.0 down-->0.0 zero-->-4.81346153845541
0	21:12:57.086	Test_Ma_Angle EURUSD,H1: initialized
0	21:12:59.255	Test_Ma_Angle EURUSD,H1: uninit reason 3
0	21:12:59.257	ZigZag Arrow EURUSD,H1: uninit reason 3
0	21:12:59.257	LSMA_Angle EURUSD,H1: uninit reason 3
0	21:12:59.257	ASCTrend-Matrix 2TF EURUSD,H1: deinitialized
0	21:12:59.257	ASCTrend-Matrix 2TF EURUSD,H1: uninit reason 3
0	21:12:59.261	ASCTrend-Tape EURUSD,H1: uninit reason 3
0	21:12:59.263	FX-Bay_MACD EURUSD,H1: uninit reason 3
0	21:12:59.263	ZigZag Arrow EURUSD,H4: initialized
0	21:12:59.264	LSMA_Angle EURUSD,H4: initialized
0	21:12:59.264	ASCTrend-Matrix 2TF EURUSD,H4: initialized
0	21:12:59.265	ASCTrend-Tape EURUSD,H4: initialized
0	21:12:59.265	FX-Bay_MACD EURUSD,H4: initialized
0	21:12:59.394	Test_Ma_Angle EURUSD,H4: up->, 54, 56, 57, 58, 59, 60, 61, 62, 63, 64, 65, 66, 67, 82, 83, 90, 91, 92, 93, 94, 95, 96, 97, 98, 99
0	21:12:59.394	Test_Ma_Angle EURUSD,H4: down->, 5, 6, 7, 8, 9, 10, 16, 17, 18, 19, 20, 21, 22, 23, 24, 25, 26, 27, 28, 29, 30, 31, 32, 33, 34, 35, 36, 37, 40, 41, 42, 43, 44, 75
0	21:12:59.394	Test_Ma_Angle EURUSD,H4: zero->, 0, 1, 2, 3, 4, 11, 12, 13, 14, 15, 38, 39, 45, 46, 47, 48, 49, 50, 51, 52, 53, 55, 68, 69, 70, 71, 72, 73, 74, 76, 77, 78, 79, 80, 81, 84, 85, 86, 87, 88, 89
0	21:12:59.394	Test_Ma_Angle EURUSD,H4: ->0 up-->0.0 down-->0.0 zero-->11.32807692307558
0	21:12:59.394	Test_Ma_Angle EURUSD,H4: ->1 up-->0.0 down-->0.0 zero-->4.016153846153614
0	21:12:59.394	Test_Ma_Angle EURUSD,H4: ->2 up-->0.0 down-->0.0 zero-->-3.412692307683263
0	21:12:59.394	Test_Ma_Angle EURUSD,H4: ->3 up-->0.0 down-->0.0 zero-->-6.513846153838321
0	21:12:59.394	Test_Ma_Angle EURUSD,H4: ->4 up-->0.0 down-->0.0 zero-->-10.23961538461626
0	21:12:59.394	Test_Ma_Angle EURUSD,H4: ->5 up-->0.0 down-->-16.06076923076627 zero-->0.0
0	21:12:59.394	Test_Ma_Angle EURUSD,H4: ->6 up-->0.0 down-->-27.37576923076968 zero-->0.0
0	21:12:59.394	Test_Ma_Angle EURUSD,H4: ->7 up-->0.0 down-->-33.85346153845781 zero-->0.0
0	21:12:59.394	Test_Ma_Angle EURUSD,H4: ->8 up-->0.0 down-->-41.99038461538407 zero-->0.0
0	21:12:59.394	Test_Ma_Angle EURUSD,H4: ->9 up-->0.0 down-->-41.79000000000266 zero-->0.0
0	21:12:59.394	Test_Ma_Angle EURUSD,H4: initialized
0	22:04:06.357	RenkoExpert USDJPY,M215: max oder-->1 
 order total0 
 m_max_trades-1
2	22:04:06.779	RenkoExpert USDJPY,M215: open #143484111 sell 0.01 USDJPY at 113.702 sl: 114.199 tp: 112.699 ok
0	22:56:08.463	RenkoExpert GBPUSD,M2: max oder-->1 
 order total0 
 m_max_trades-1
2	22:56:08.851	RenkoExpert GBPUSD,M2: open #143489876 sell 0.01 GBPUSD at 1.30974 sl: 1.31443 tp: 1.29943 ok
2	22:56:26.037	RenkoExpert GBPUSD,M2: close #143489876 sell 0.01 GBPUSD at 1.30974 sl: 1.31443 tp: 1.29943 at price 1.30905
0	22:56:50.662	RenkoExpert GBPUSD,M2: max oder-->1 
 order total0 
 m_max_trades-1
2	22:56:51.012	RenkoExpert GBPUSD,M2: open #143490324 buy 0.01 GBPUSD at 1.30997 sl: 1.30471 tp: 1.31971 ok
2	22:57:19.092	RenkoExpert GBPUSD,M2: close #143490324 buy 0.01 GBPUSD at 1.30997 sl: 1.30471 tp: 1.31971 at price 1.30860
0	22:58:16.054	RenkoExpert GBPUSD,M2: max oder-->1 
 order total0 
 m_max_trades-1
2	22:58:16.434	RenkoExpert GBPUSD,M2: open #143490787 sell 0.01 GBPUSD at 1.30753 sl: 1.31259 tp: 1.29759 ok
2	23:00:31.448	RenkoExpert GBPUSD,M2: close #143490787 sell 0.01 GBPUSD at 1.30753 sl: 1.31259 tp: 1.29759 at price 1.30774
